<?xml version="1.0" encoding="UTF-8"?>
<!-- Generated by org.testng.reporters.JUnitReportReporter -->
<testsuite hostname="DESKTOP-E57397J" failures="0" tests="1" name="Facebook.FaceBook" time="0.016" errors="0" timestamp="02 Aug 2022 07:55:47 GMT" skipped="0">
  <testcase classname="Facebook.FaceBook" name="facebook" time="0.016"/>
</testsuite> <!-- Facebook.FaceBook -->
